2025-09-02 18:39:56.496 | INFO     | utils.utils_logger:<module>:38 - Logging to file: logs\project_log.log
2025-09-02 18:39:56.500 | INFO     | __main__:<module>:68 - Project root: C:\Users\alber\buzzline-03-kabore
2025-09-02 18:39:56.500 | INFO     | __main__:<module>:72 - Data folder: C:\Users\alber\buzzline-03-kabore\data
2025-09-02 18:39:56.500 | INFO     | __main__:<module>:76 - Data file: C:\Users\alber\buzzline-03-kabore\data\buzz.json
2025-09-02 18:39:56.501 | INFO     | __main__:main:136 - START producer.
2025-09-02 18:39:56.502 | INFO     | utils.utils_producer:get_zookeeper_address:57 - Zookeeper address: localhost:2181
2025-09-02 18:40:00.647 | ERROR    | utils.utils_producer:check_zookeeper_service_is_ready:82 - Error checking Zookeeper readiness: [WinError 10061] No connection could be made because the target machine actively refused it
2025-09-02 18:40:00.648 | ERROR    | utils.utils_producer:verify_services:114 - Zookeeper is not ready. Please check your Zookeeper setup. Exiting...
2025-09-02 18:44:19.875 | INFO     | utils.utils_logger:<module>:38 - Logging to file: logs\project_log.log
2025-09-02 18:44:19.882 | INFO     | __main__:<module>:68 - Project root: C:\Users\alber\buzzline-03-kabore
2025-09-02 18:44:19.883 | INFO     | __main__:<module>:72 - Data folder: C:\Users\alber\buzzline-03-kabore\data
2025-09-02 18:44:19.884 | INFO     | __main__:<module>:76 - Data file: C:\Users\alber\buzzline-03-kabore\data\buzz.json
2025-09-02 18:44:19.885 | INFO     | __main__:main:136 - START producer.
2025-09-02 18:44:19.886 | INFO     | utils.utils_producer:get_zookeeper_address:57 - Zookeeper address: localhost:2181
2025-09-02 18:44:24.037 | ERROR    | utils.utils_producer:check_zookeeper_service_is_ready:82 - Error checking Zookeeper readiness: [WinError 10061] No connection could be made because the target machine actively refused it
2025-09-02 18:44:24.038 | ERROR    | utils.utils_producer:verify_services:114 - Zookeeper is not ready. Please check your Zookeeper setup. Exiting...
2025-09-05 14:47:35.150 | INFO     | utils.utils_logger:<module>:38 - Logging to file: logs\project_log.log
2025-09-05 14:47:35.155 | INFO     | __main__:<module>:68 - Project root: C:\Users\alber\buzzline-03-kabore
2025-09-05 14:47:35.155 | INFO     | __main__:<module>:72 - Data folder: C:\Users\alber\buzzline-03-kabore\data
2025-09-05 14:47:35.156 | INFO     | __main__:<module>:76 - Data file: C:\Users\alber\buzzline-03-kabore\data\buzz.json
2025-09-05 14:47:35.158 | INFO     | __main__:main:136 - START producer.
2025-09-05 14:47:35.158 | INFO     | utils.utils_producer:get_zookeeper_address:57 - Zookeeper address: localhost:2181
2025-09-05 14:47:35.218 | INFO     | utils.utils_producer:check_zookeeper_service_is_ready:79 - Zookeeper is ready at localhost:2181.
2025-09-05 14:47:35.218 | INFO     | utils.utils_producer:get_kafka_broker_address:50 - Kafka broker address: localhost:9092
2025-09-05 14:47:35.479 | INFO     | utils.utils_producer:check_kafka_service_is_ready:98 - Kafka is ready. Brokers: {'throttle_time_ms': 0, 'brokers': [{'node_id': 1, 'host': 'localhost', 'port': 9092, 'rack': None}], 'cluster_id': '9wjz2q_IR4qCTaTkZ-MJyQ', 'controller_id': 1}
2025-09-05 14:47:35.480 | INFO     | __main__:get_kafka_topic:50 - Kafka topic: buzzline_json
2025-09-05 14:47:35.482 | INFO     | __main__:get_message_interval:57 - Message interval: 1 seconds
2025-09-05 14:47:35.482 | INFO     | utils.utils_producer:get_kafka_broker_address:50 - Kafka broker address: localhost:9092
2025-09-05 14:47:35.483 | INFO     | utils.utils_producer:create_kafka_producer:146 - Connecting to Kafka broker at localhost:9092...
2025-09-05 14:47:35.503 | INFO     | utils.utils_producer:create_kafka_producer:151 - Kafka producer successfully created.
2025-09-05 14:47:35.504 | INFO     | utils.utils_producer:get_kafka_broker_address:50 - Kafka broker address: localhost:9092
2025-09-05 14:47:35.532 | INFO     | utils.utils_producer:create_kafka_topic:176 - Creating 'buzzline_json'.
2025-09-05 14:47:35.726 | INFO     | utils.utils_producer:create_kafka_topic:181 - Topic 'buzzline_json' created successfully.
2025-09-05 14:47:35.727 | INFO     | __main__:main:159 - Kafka topic 'buzzline_json' is ready.
2025-09-05 14:47:35.728 | INFO     | __main__:main:165 - Starting message production to topic 'buzzline_json'...
2025-09-05 14:47:35.729 | INFO     | __main__:generate_messages:95 - Opening data file in read mode: C:\Users\alber\buzzline-03-kabore\data\buzz.json
2025-09-05 14:47:35.730 | INFO     | __main__:generate_messages:97 - Reading data from file: C:\Users\alber\buzzline-03-kabore\data\buzz.json
2025-09-05 14:47:35.762 | INFO     | __main__:main:170 - Sent message to topic 'buzzline_json': {'message': 'Data engineering is my passion.', 'author': 'Eve'}
2025-09-05 14:47:36.764 | INFO     | __main__:main:170 - Sent message to topic 'buzzline_json': {'message': 'Distributed systems are fascinating.', 'author': 'Alice'}
2025-09-05 14:47:37.766 | INFO     | __main__:main:170 - Sent message to topic 'buzzline_json': {'message': 'Have a great day!', 'author': 'Charlie'}
2025-09-05 14:47:38.769 | INFO     | __main__:main:170 - Sent message to topic 'buzzline_json': {'message': 'Data engineering is my passion.', 'author': 'Alice'}
2025-09-05 14:47:39.771 | INFO     | __main__:main:170 - Sent message to topic 'buzzline_json': {'message': 'Distributed systems are fascinating.', 'author': 'Diana'}
2025-09-05 14:47:40.774 | INFO     | __main__:main:170 - Sent message to topic 'buzzline_json': {'message': 'Buzz messages for everyone.', 'author': 'Alice'}
2025-09-05 14:47:41.778 | INFO     | __main__:main:170 - Sent message to topic 'buzzline_json': {'message': 'Hello, Kafka world!', 'author': 'Diana'}
2025-09-05 14:47:42.781 | INFO     | __main__:main:170 - Sent message to topic 'buzzline_json': {'message': 'This is a buzz message.', 'author': 'Eve'}
2025-09-05 14:47:43.783 | INFO     | __main__:main:170 - Sent message to topic 'buzzline_json': {'message': 'JSON makes life easier.', 'author': 'Eve'}
2025-09-05 14:47:44.789 | INFO     | __main__:main:170 - Sent message to topic 'buzzline_json': {'message': 'JSON makes life easier.', 'author': 'Alice'}
2025-09-05 14:47:45.790 | INFO     | __main__:main:170 - Sent message to topic 'buzzline_json': {'message': 'Data engineering is my passion.', 'author': 'Diana'}
2025-09-05 14:47:46.792 | INFO     | __main__:main:170 - Sent message to topic 'buzzline_json': {'message': 'JSON makes life easier.', 'author': 'Diana'}
2025-09-05 14:47:47.794 | INFO     | __main__:main:170 - Sent message to topic 'buzzline_json': {'message': 'Kafka is awesome.', 'author': 'Charlie'}
2025-09-05 14:47:48.797 | INFO     | __main__:main:170 - Sent message to topic 'buzzline_json': {'message': 'JSON makes life easier.', 'author': 'Bob'}
2025-09-05 14:47:49.799 | INFO     | __main__:main:170 - Sent message to topic 'buzzline_json': {'message': 'I love Python!', 'author': 'Bob'}
2025-09-05 14:47:50.803 | INFO     | __main__:main:170 - Sent message to topic 'buzzline_json': {'message': 'This is a buzz message.', 'author': 'Eve'}
2025-09-05 14:47:51.806 | INFO     | __main__:main:170 - Sent message to topic 'buzzline_json': {'message': 'I love Python!', 'author': 'Eve'}
2025-09-05 14:47:52.810 | INFO     | __main__:main:170 - Sent message to topic 'buzzline_json': {'message': 'Buzz messages for everyone.', 'author': 'Alice'}
2025-09-05 14:47:53.811 | INFO     | __main__:main:170 - Sent message to topic 'buzzline_json': {'message': 'This is a buzz message.', 'author': 'Alice'}
2025-09-05 14:47:54.813 | INFO     | __main__:main:170 - Sent message to topic 'buzzline_json': {'message': 'Data engineering is my passion.', 'author': 'Diana'}
2025-09-05 14:47:55.815 | INFO     | __main__:main:170 - Sent message to topic 'buzzline_json': {'message': 'I love Python!', 'author': 'Eve'}
2025-09-05 14:47:56.821 | INFO     | __main__:main:170 - Sent message to topic 'buzzline_json': {'message': 'JSON makes life easier.', 'author': 'Charlie'}
2025-09-05 14:47:57.826 | INFO     | __main__:main:170 - Sent message to topic 'buzzline_json': {'message': 'Have a great day!', 'author': 'Bob'}
2025-09-05 14:47:58.853 | INFO     | __main__:main:170 - Sent message to topic 'buzzline_json': {'message': 'Data engineering is my passion.', 'author': 'Alice'}
2025-09-05 14:47:59.864 | INFO     | __main__:main:170 - Sent message to topic 'buzzline_json': {'message': 'Kafka is awesome.', 'author': 'Diana'}
2025-09-05 14:48:00.869 | INFO     | __main__:main:170 - Sent message to topic 'buzzline_json': {'message': 'Kafka is awesome.', 'author': 'Diana'}
2025-09-05 14:48:01.878 | INFO     | __main__:main:170 - Sent message to topic 'buzzline_json': {'message': 'Hello, Kafka world!', 'author': 'Bob'}
2025-09-05 14:48:02.882 | INFO     | __main__:main:170 - Sent message to topic 'buzzline_json': {'message': 'Distributed systems are fascinating.', 'author': 'Diana'}
2025-09-05 14:48:03.888 | INFO     | __main__:main:170 - Sent message to topic 'buzzline_json': {'message': 'I love Python!', 'author': 'Diana'}
2025-09-05 14:48:04.895 | INFO     | __main__:main:170 - Sent message to topic 'buzzline_json': {'message': 'Have a great day!', 'author': 'Alice'}
2025-09-05 14:48:05.910 | INFO     | __main__:main:170 - Sent message to topic 'buzzline_json': {'message': 'Hello, Kafka world!', 'author': 'Charlie'}
2025-09-05 14:48:06.965 | INFO     | __main__:main:170 - Sent message to topic 'buzzline_json': {'message': 'JSON makes life easier.', 'author': 'Diana'}
2025-09-05 14:48:07.981 | INFO     | __main__:main:170 - Sent message to topic 'buzzline_json': {'message': 'I love Python!', 'author': 'Bob'}
2025-09-05 14:48:08.996 | INFO     | __main__:main:170 - Sent message to topic 'buzzline_json': {'message': 'Have a great day!', 'author': 'Diana'}
